make all --print-data-base --no-builtin-variables --no-builtin-rules --question
# GNU Make 3.81
# Copyright (C) 2006  Free Software Foundation, Inc.
# This is free software; see the source for copying conditions.
# There is NO warranty; not even for MERCHANTABILITY or FITNESS FOR A
# PARTICULAR PURPOSE.

# This program built for i386-apple-darwin11.3.0
 

# Make data base, printed on Fri Jul 22 15:16:54 2022
 

# Variables

# automatic
<D = $(patsubst %/,%,$(dir $<))
# automatic
?F = $(notdir $?)
# automatic
?D = $(patsubst %/,%,$(dir $?))
# makefile (from `Makefile', line 16)
INCLUDES = -I ~/goinfre/.brew/opt/readline/include -I ./libft/
# automatic
@D = $(patsubst %/,%,$(dir $@))
# automatic
@F = $(notdir $@)
# makefile
CURDIR := /goinfre/junkpark/minishell
# makefile
SHELL = /bin/sh
# makefile (from `Makefile', line 25)
RM = rm -f
# environment
VSCODE_NLS_CONFIG = {"locale":"en-us","availableLanguages":{},"_languagePackSupport":true}
# environment
_ = /usr/bin/make
# makefile (from `Makefile', line 23)
CFLAGS = -Wall -Werror -Wextra
# makefile (from `Makefile', line 1)
MAKEFILE_LIST :=  Makefile
# environment
VSCODE_NODE_CACHED_DATA_DIR = /Users/junkpark/Library/Application Support/Code/CachedData/6ab598523be7a800d7f3eb4d92d7ab9a66069390
# environment
VERBOSE_LOGGING = true
# makefile (from `Makefile', line 14)
LIBFTDIR = ./libft
# environment
VSCODE_LOGS = /Users/junkpark/Library/Application Support/Code/logs/20220722T150844
# makefile (from `Makefile', line 32)
OBJS = $(SRCS:.c=.o)
# environment
VSCODE_IPC_HOOK_EXTHOST = /var/folders/zz/zyxvpxvq6csfxvn_n000clq80034xt/T/vscode-ipc-ea163806-c8f2-4284-85bb-83ebc776eb69.sock
# environment
VSCODE_CWD = /Users/junkpark/goinfre/42Cursus/minishell
# environment
PATH = /Users/junkpark/goinfre/.brew/bin:/usr/local/bin:/usr/bin:/bin:/usr/sbin:/sbin:/usr/local/munki:/Users/junkpark/goinfre/.brew/bin
# environment
LSCOLORS = Gxfxcxdxbxegedabagacad
# makefile (from `Makefile', line 24)
AR = ar rcs
# environment
VSCODE_LOG_STACK = false
# environment
ELECTRON_RUN_AS_NODE = 1
# default
.FEATURES := target-specific order-only second-expansion else-if archives jobserver check-symlink
# environment
SSH_AUTH_SOCK = /private/tmp/com.apple.launchd.IXLfAYF2Km/Listeners
# automatic
%F = $(notdir $%)
# environment
PWD = /goinfre/junkpark/minishell
# environment
HOME = /Users/junkpark
# default
MAKEFILEPATH := /Applications/Xcode.app/Contents/Developer/Makefiles
# environment
LOGNAME = junkpark
# environment
APPLICATION_INSIGHTS_NO_DIAGNOSTIC_CHANNEL = true
# environment
ZSH = /Users/junkpark/goinfre/.oh-my-zsh
# environment
VSCODE_HANDLES_UNCAUGHT_ERRORS = true
# automatic
^D = $(patsubst %/,%,$(dir $^))
# environment
XPC_FLAGS = 0x0
# environment
COLORTERM = truecolor
# default
MAKE = $(MAKE_COMMAND)
# environment
LC_TERMINAL = iTerm2
# makefile (from `Makefile', line 27)
SRCS = minishell.c signal.c util_files.c parse.c 
# environment
SHLVL = 2
# makefile (from `Makefile', line 22)
CC = cc
# default
MAKE_VERSION := 3.81
# environment
AMD_ENTRYPOINT = vs/workbench/services/extensions/node/extensionHostProcess
# environment
USER = junkpark
# makefile
.DEFAULT_GOAL := minishell
# default
MAKECMDGOALS := all
# environment
TERM_SESSION_ID = w0t0p0:703070D1-EFF9-4ED1-88EC-62A3F29F0E07
# makefile (from `Makefile', line 13)
NAME = minishell
# environment
PIPE_LOGGING = true
# environment
LESS = -R
# automatic
%D = $(patsubst %/,%,$(dir $%))
# default
MAKE_COMMAND := /Applications/Xcode.app/Contents/Developer/usr/bin/make
# environment
TERM_PROGRAM = iTerm.app
# default
.VARIABLES := 
# environment
TMPDIR = /var/folders/zz/zyxvpxvq6csfxvn_n000clq80034xt/T/
# automatic
*F = $(notdir $*)
# environment
VSCODE_IPC_HOOK = /Users/junkpark/Library/Application Support/Code/1.39.2-main.sock
# makefile
MAKEFLAGS = Rrqp
# environment
MFLAGS = -Rrqp
# automatic
*D = $(patsubst %/,%,$(dir $*))
# environment
TERM_PROGRAM_VERSION = 3.3.7
# environment
XPC_SERVICE_NAME = com.microsoft.VSCode.1164.18CE7675-F5D0-4750-8014-C675D1369180
 
# environment
LC_TERMINAL_VERSION = 3.3.7
# automatic
+D = $(patsubst %/,%,$(dir $+))
# automatic
+F = $(notdir $+)
# environment
ITERM_SESSION_ID = w0t0p0:703070D1-EFF9-4ED1-88EC-62A3F29F0E07
# environment
COLORFGBG = 7;0
# environment
__CF_USER_TEXT_ENCODING = 0x193BA:0x0:0x0
# default
MAKEFILES := 
# automatic
<F = $(notdir $<)
# environment
ITERM_PROFILE = Default
# environment
PAGER = less
# environment
LC_ALL = C
# makefile (from `Makefile', line 18)
LIBS = -lreadline -L ~/goinfre/.brew/opt/readline/lib/ -lhistory -L ~/goinfre/.brew/opt/readline/lib/ -L ./libft/ -lft
# automatic
^F = $(notdir $^)
# default
SUFFIXES := 
# default
.INCLUDE_DIRS = /usr/local/include
# environment
MAKELEVEL := 0
# environment
LANG = C
# environment
TERM = xterm-256color
# environment
VSCODE_PID = 13155
# variable set hash-table stats:
# Load=83/1024=8%, Rehash=0, Collisions=7/111=6%

# Pattern-specific Variable Values

# No pattern-specific variable values.

# Directories

# . (device 16777220, inode 1152921500313122085): 16 files, no impossibilities.

# 16 files, no impossibilities in 1 directories.

# Implicit Rules

# No implicit rules.

# Files

# Not a target:
util_files.o:
#  Implicit rule search has been done.
#  Last modified 2022-07-22 15:11:22
#  File has been updated.
#  Successfully updated.
# variable set hash-table stats:
# Load=0/32=0%, Rehash=0, Collisions=0/0=0%

all: minishell
#  Phony target (prerequisite of .PHONY).
#  Command-line target.
#  Implicit rule search has not been done.
#  File does not exist.
#  File has been updated.
#  Successfully updated.
# variable set hash-table stats:
# Load=0/32=0%, Rehash=0, Collisions=0/0=0%

.PHONY: all clean fclean re
#  Implicit rule search has not been done.
#  Modification time never checked.
#  File has not been updated.

# Not a target:
parse.o:
#  Implicit rule search has been done.
#  Last modified 2022-07-22 15:11:22
#  File has been updated.
#  Successfully updated.
# variable set hash-table stats:
# Load=0/32=0%, Rehash=0, Collisions=0/0=0%

# Not a target:
.SUFFIXES:
#  Implicit rule search has not been done.
#  Modification time never checked.
#  File has not been updated.

# Not a target:
Makefile:
#  Implicit rule search has been done.
#  Last modified 2022-07-22 15:16:15
#  File has been updated.
#  Successfully updated.
# variable set hash-table stats:
# Load=0/32=0%, Rehash=0, Collisions=0/0=0%

minishell: minishell.o signal.o util_files.o parse.o
#  Implicit rule search has not been done.
#  Last modified 2022-07-22 15:16:30
#  File has been updated.
#  Successfully updated.
# variable set hash-table stats:
# Load=0/32=0%, Rehash=0, Collisions=0/0=0%
 
#  commands to execute (from `Makefile', line 38):
	make -C $(LIBFTDIR)
	$(CC) $(CFLAGS) $(INCLUDES) $(LIBS) $^ -o $@
	

# Not a target:
minishell.o:
#  Implicit rule search has been done.
#  Last modified 2022-07-22 15:16:30
#  File has been updated.
#  Successfully updated.
# variable set hash-table stats:
# Load=0/32=0%, Rehash=0, Collisions=0/0=0%

.c.o:
#  Implicit rule search has not been done.
#  Modification time never checked.
#  File has not been updated.
#  commands to execute (from `Makefile', line 35):
	$(CC) $(CFLAGS) $(INCLUDES) -c $< -I.
	

fclean: clean
#  Phony target (prerequisite of .PHONY).
#  Implicit rule search has not been done.
#  File does not exist.
#  File has not been updated.
#  commands to execute (from `Makefile', line 48):
	make -C $(LIBFTDIR) fclean
	$(RM) $(NAME)
	

# Not a target:
.DEFAULT:
#  Implicit rule search has not been done.
#  Modification time never checked.
#  File has not been updated.

re: clean all
#  Phony target (prerequisite of .PHONY).
#  Implicit rule search has not been done.
#  File does not exist.
#  File has not been updated.

clean:
#  Phony target (prerequisite of .PHONY).
#  Implicit rule search has not been done.
#  File does not exist.
#  File has not been updated.
#  commands to execute (from `Makefile', line 44):
	make -C $(LIBFTDIR) clean
	$(RM) $(OBJS)
	

# Not a target:
signal.o:
#  Implicit rule search has been done.
#  Last modified 2022-07-22 15:16:30
#  File has been updated.
#  Successfully updated.
# variable set hash-table stats:
# Load=0/32=0%, Rehash=0, Collisions=0/0=0%

# files hash-table stats:
# Load=14/1024=1%, Rehash=0, Collisions=0/39=0%
# VPATH Search Paths

# No `vpath' search paths.

# No general (`VPATH' variable) search path.

# # of strings in strcache: 1
# # of strcache buffers: 1
# strcache size: total = 4096 / max = 4096 / min = 4096 / avg = 4096
# strcache free: total = 4087 / max = 4087 / min = 4087 / avg = 4087

# Finished Make data base on Fri Jul 22 15:16:54 2022

 
